============================= test session starts ==============================
platform darwin -- Python 3.13.5, pytest-9.0.2, pluggy-1.6.0
rootdir: /Users/elijahumana/pe-hackathon
configfile: pyproject.toml
testpaths: tests
plugins: cov-7.1.0, Faker-40.12.0
collected 255 items

tests/test_api_contract.py ......................................        [ 14%]
tests/test_cache.py ............                                         [ 19%]
tests/test_edge_cases.py .......................                         [ 28%]
tests/test_error_handlers.py ...                                         [ 29%]
tests/test_events.py .......                                             [ 32%]
tests/test_health.py ...                                                 [ 33%]
tests/test_integration.py ......                                         [ 36%]
tests/test_metrics.py .....                                              [ 38%]
tests/test_reliability_hardening.py .................................... [ 52%]
................................                                         [ 64%]
tests/test_short_code.py .....                                           [ 66%]
tests/test_urls.py .................................                     [ 79%]
tests/test_user_edge_cases.py .....                                      [ 81%]
tests/test_users.py .....................                                [ 89%]
tests/test_validators.py ..........................                      [100%]

=============================== warnings summary ===============================
tests/test_api_contract.py::TestBulkUploadEdgeCases::test_csv_with_duplicate_users
tests/test_api_contract.py::TestBulkUploadEdgeCases::test_csv_with_duplicate_users
tests/test_api_contract.py::TestBulkUploadEdgeCases::test_csv_with_extra_columns_still_works
  /Users/elijahumana/pe-hackathon/app/routes/users.py:43: DeprecationWarning: datetime.datetime.utcnow() is deprecated and scheduled for removal in a future version. Use timezone-aware objects to represent datetimes in UTC: datetime.datetime.now(datetime.UTC).
    created_at=row.get("created_at", datetime.datetime.utcnow()),

tests/test_api_contract.py: 81 warnings
tests/test_cache.py: 48 warnings
tests/test_edge_cases.py: 40 warnings
tests/test_events.py: 22 warnings
tests/test_integration.py: 33 warnings
tests/test_metrics.py: 3 warnings
tests/test_reliability_hardening.py: 149 warnings
tests/test_urls.py: 72 warnings
tests/test_user_edge_cases.py: 7 warnings
tests/test_users.py: 14 warnings
  /Users/elijahumana/pe-hackathon/.venv/lib/python3.13/site-packages/peewee.py:6632: DeprecationWarning: datetime.datetime.utcnow() is deprecated and scheduled for removal in a future version. Use timezone-aware objects to represent datetimes in UTC: datetime.datetime.now(datetime.UTC).
    dd[field_name] = default()

tests/test_api_contract.py: 21 warnings
tests/test_cache.py: 12 warnings
tests/test_edge_cases.py: 10 warnings
tests/test_events.py: 7 warnings
tests/test_integration.py: 8 warnings
tests/test_metrics.py: 1 warning
tests/test_reliability_hardening.py: 39 warnings
tests/test_urls.py: 20 warnings
  /Users/elijahumana/pe-hackathon/app/routes/urls.py:124: DeprecationWarning: datetime.datetime.utcnow() is deprecated and scheduled for removal in a future version. Use timezone-aware objects to represent datetimes in UTC: datetime.datetime.now(datetime.UTC).
    created_at=datetime.datetime.utcnow(),

tests/test_api_contract.py: 21 warnings
tests/test_cache.py: 12 warnings
tests/test_edge_cases.py: 10 warnings
tests/test_events.py: 7 warnings
tests/test_integration.py: 8 warnings
tests/test_metrics.py: 1 warning
tests/test_reliability_hardening.py: 39 warnings
tests/test_urls.py: 20 warnings
  /Users/elijahumana/pe-hackathon/app/routes/urls.py:125: DeprecationWarning: datetime.datetime.utcnow() is deprecated and scheduled for removal in a future version. Use timezone-aware objects to represent datetimes in UTC: datetime.datetime.now(datetime.UTC).
    updated_at=datetime.datetime.utcnow(),

tests/test_api_contract.py: 28 warnings
tests/test_cache.py: 16 warnings
tests/test_edge_cases.py: 13 warnings
tests/test_events.py: 7 warnings
tests/test_integration.py: 11 warnings
tests/test_metrics.py: 1 warning
tests/test_reliability_hardening.py: 53 warnings
tests/test_urls.py: 25 warnings
  /Users/elijahumana/pe-hackathon/app/models/url.py:34: DeprecationWarning: datetime.datetime.utcnow() is deprecated and scheduled for removal in a future version. Use timezone-aware objects to represent datetimes in UTC: datetime.datetime.now(datetime.UTC).
    self.updated_at = datetime.datetime.utcnow()

tests/test_api_contract.py: 6 warnings
tests/test_integration.py: 3 warnings
tests/test_reliability_hardening.py: 13 warnings
tests/test_urls.py: 1 warning
tests/test_user_edge_cases.py: 7 warnings
tests/test_users.py: 14 warnings
  /Users/elijahumana/pe-hackathon/app/routes/users.py:102: DeprecationWarning: datetime.datetime.utcnow() is deprecated and scheduled for removal in a future version. Use timezone-aware objects to represent datetimes in UTC: datetime.datetime.now(datetime.UTC).
    created_at=datetime.datetime.utcnow(),

tests/test_api_contract.py: 2 warnings
tests/test_cache.py: 2 warnings
tests/test_edge_cases.py: 1 warning
tests/test_integration.py: 1 warning
tests/test_reliability_hardening.py: 4 warnings
tests/test_urls.py: 3 warnings
  /Users/elijahumana/pe-hackathon/app/routes/urls.py:199: DeprecationWarning: datetime.datetime.utcnow() is deprecated and scheduled for removal in a future version. Use timezone-aware objects to represent datetimes in UTC: datetime.datetime.now(datetime.UTC).
    timestamp=datetime.datetime.utcnow(),

tests/test_api_contract.py: 3 warnings
tests/test_cache.py: 5 warnings
tests/test_edge_cases.py: 7 warnings
tests/test_events.py: 1 warning
tests/test_integration.py: 3 warnings
tests/test_reliability_hardening.py: 5 warnings
tests/test_urls.py: 6 warnings
  /Users/elijahumana/pe-hackathon/app/routes/urls.py:350: DeprecationWarning: datetime.datetime.utcnow() is deprecated and scheduled for removal in a future version. Use timezone-aware objects to represent datetimes in UTC: datetime.datetime.now(datetime.UTC).
    timestamp=datetime.datetime.utcnow(),

tests/test_api_contract.py: 4 warnings
tests/test_cache.py: 2 warnings
tests/test_edge_cases.py: 2 warnings
tests/test_integration.py: 2 warnings
tests/test_reliability_hardening.py: 10 warnings
tests/test_urls.py: 2 warnings
  /Users/elijahumana/pe-hackathon/app/routes/urls.py:232: DeprecationWarning: datetime.datetime.utcnow() is deprecated and scheduled for removal in a future version. Use timezone-aware objects to represent datetimes in UTC: datetime.datetime.now(datetime.UTC).
    timestamp=datetime.datetime.utcnow(),

tests/test_cache.py::TestRedirectCacheHit::test_redirect_with_cache_hit_returns_302
tests/test_cache.py::TestRedirectCacheHit::test_redirect_cache_hit_sets_x_cache_header
tests/test_cache.py::TestRedirectCacheHit::test_redirect_cache_hit_creates_event
  /Users/elijahumana/pe-hackathon/app/routes/urls.py:300: DeprecationWarning: datetime.datetime.utcnow() is deprecated and scheduled for removal in a future version. Use timezone-aware objects to represent datetimes in UTC: datetime.datetime.now(datetime.UTC).
    timestamp=datetime.datetime.utcnow(),

-- Docs: https://docs.pytest.org/en/stable/how-to/capture-warnings.html
================================ tests coverage ================================
_______________ coverage: platform darwin, python 3.13.5-final-0 _______________

Name                      Stmts   Miss  Cover   Missing
-------------------------------------------------------
app/__init__.py              68     18    74%   20-22, 46, 51, 61-66, 77, 80-82, 88, 96-97, 101
app/cache.py                 42     22    48%   20, 27, 37-38, 47-76
app/database.py              17      0   100%
app/logging_config.py        24      0   100%
app/metrics.py               34      2    94%   74-75
app/models/__init__.py        4      0   100%
app/models/event.py          15      0   100%
app/models/url.py            19      0   100%
app/models/user.py           10      0   100%
app/routes/__init__.py        7      0   100%
app/routes/events.py        101     17    83%   20-21, 54, 71, 73, 75, 78-79, 81, 94, 96, 99-100, 102, 111-121
app/routes/urls.py          198     12    94%   26-27, 93, 96-97, 109, 111, 128-131, 162, 181
app/routes/users.py         126      7    94%   25, 85, 93, 110, 122, 134, 142
app/utils/__init__.py         0      0   100%
app/utils/short_code.py       5      0   100%
app/utils/validators.py      27      2    93%   22-23
-------------------------------------------------------
TOTAL                       697     80    89%
====================== 255 passed, 974 warnings in 3.02s =======================
