============================= test session starts ==============================
platform darwin -- Python 3.13.5, pytest-9.0.2, pluggy-1.6.0 -- /Users/elijahumana/pe-hackathon/.venv/bin/python
cachedir: .pytest_cache
rootdir: /Users/elijahumana/pe-hackathon
configfile: pyproject.toml
testpaths: tests
plugins: cov-7.1.0, Faker-40.12.0
collecting ... collected 255 items

tests/test_api_contract.py::TestBulkUploadEdgeCases::test_empty_csv_returns_zero_imported PASSED [  0%]
tests/test_api_contract.py::TestBulkUploadEdgeCases::test_csv_with_wrong_columns_imports_zero PASSED [  0%]
tests/test_api_contract.py::TestBulkUploadEdgeCases::test_csv_with_duplicate_users PASSED [  1%]
tests/test_api_contract.py::TestBulkUploadEdgeCases::test_bulk_upload_no_file PASSED [  1%]
tests/test_api_contract.py::TestBulkUploadEdgeCases::test_csv_with_extra_columns_still_works PASSED [  1%]
tests/test_api_contract.py::TestBulkUploadEdgeCases::test_csv_with_invalid_email_skips_row PASSED [  2%]
tests/test_api_contract.py::TestBulkUploadEdgeCases::test_csv_with_no_at_sign_email_skips_row PASSED [  2%]
tests/test_api_contract.py::TestBulkUploadEdgeCases::test_csv_with_no_domain_dot_email_skips_row PASSED [  3%]
tests/test_api_contract.py::TestUrlCreationDataTypes::test_reject_integer_username_in_user_creation PASSED [  3%]
tests/test_api_contract.py::TestUrlCreationDataTypes::test_reject_boolean_email_in_user_creation PASSED [  3%]
tests/test_api_contract.py::TestUrlCreationDataTypes::test_reject_list_username_in_user_creation PASSED [  4%]
tests/test_api_contract.py::TestUrlCreationDataTypes::test_reject_none_username_in_user_creation PASSED [  4%]
tests/test_api_contract.py::TestUrlCreationDataTypes::test_reject_integer_url_field PASSED [  5%]
tests/test_api_contract.py::TestUrlCreationDataTypes::test_reject_boolean_url_field PASSED [  5%]
tests/test_api_contract.py::TestUrlCreationDataTypes::test_reject_null_url_field PASSED [  5%]
tests/test_api_contract.py::TestUrlCreationDataTypes::test_create_url_with_empty_title PASSED [  6%]
tests/test_api_contract.py::TestUrlCreationDataTypes::test_create_url_with_whitespace_title PASSED [  6%]
tests/test_api_contract.py::TestUrlCreationDataTypes::test_create_url_with_very_long_url PASSED [  7%]
tests/test_api_contract.py::TestUrlCreationDataTypes::test_create_url_with_query_params PASSED [  7%]
tests/test_api_contract.py::TestUrlCreationDataTypes::test_create_url_with_fragment PASSED [  7%]
tests/test_api_contract.py::TestUpdateEdgeCases::test_update_nonexistent_user_returns_404 PASSED [  8%]
tests/test_api_contract.py::TestUpdateEdgeCases::test_update_user_with_empty_body PASSED [  8%]
tests/test_api_contract.py::TestUpdateEdgeCases::test_partial_update_user_keeps_other_fields PASSED [  9%]
tests/test_api_contract.py::TestUpdateEdgeCases::test_partial_update_url_keeps_other_fields PASSED [  9%]
tests/test_api_contract.py::TestUpdateEdgeCases::test_update_url_with_empty_body PASSED [  9%]
tests/test_api_contract.py::TestUpdateEdgeCases::test_update_user_integer_username_rejected PASSED [ 10%]
tests/test_api_contract.py::TestUpdateEdgeCases::test_update_user_integer_email_rejected PASSED [ 10%]
tests/test_api_contract.py::TestRedirectEdgeCases::test_redirect_preserves_query_params_in_original PASSED [ 10%]
tests/test_api_contract.py::TestRedirectEdgeCases::test_redirect_for_just_deleted_url_returns_404 PASSED [ 11%]
tests/test_api_contract.py::TestRedirectEdgeCases::test_redirect_for_reactivated_url_works PASSED [ 11%]
tests/test_api_contract.py::TestRedirectEdgeCases::test_redirect_with_encoded_characters_in_url PASSED [ 12%]
tests/test_api_contract.py::TestMiscContractEdgeCases::test_delete_user_is_hard_delete PASSED [ 12%]
tests/test_api_contract.py::TestMiscContractEdgeCases::test_url_delete_is_soft_delete PASSED [ 12%]
tests/test_api_contract.py::TestMiscContractEdgeCases::test_double_delete_url_returns_204_then_404 PASSED [ 13%]
tests/test_api_contract.py::TestMiscContractEdgeCases::test_list_urls_pagination PASSED [ 13%]
tests/test_api_contract.py::TestMiscContractEdgeCases::test_list_urls_filter_by_user_id PASSED [ 14%]
tests/test_api_contract.py::TestMiscContractEdgeCases::test_create_url_with_user_id_zero_rejected PASSED [ 14%]
tests/test_api_contract.py::TestMiscContractEdgeCases::test_url_stats_includes_url_data PASSED [ 14%]
tests/test_cache.py::TestRedirectCacheHit::test_redirect_with_cache_hit_returns_302 PASSED [ 15%]
tests/test_cache.py::TestRedirectCacheHit::test_redirect_cache_hit_sets_x_cache_header PASSED [ 15%]
tests/test_cache.py::TestRedirectCacheHit::test_redirect_cache_hit_creates_event PASSED [ 16%]
tests/test_cache.py::TestRedirectCacheMiss::test_redirect_cache_miss_sets_x_cache_header PASSED [ 16%]
tests/test_cache.py::TestRedirectCacheMiss::test_redirect_cache_miss_writes_correct_data PASSED [ 16%]
tests/test_cache.py::TestCacheInvalidation::test_update_url_invalidates_cache PASSED [ 17%]
tests/test_cache.py::TestCacheInvalidation::test_delete_url_invalidates_cache PASSED [ 17%]
tests/test_cache.py::TestRedisFailureGraceDegradation::test_redirect_works_when_redis_get_raises PASSED [ 18%]
tests/test_cache.py::TestRedisFailureGraceDegradation::test_redirect_works_when_redis_setex_raises PASSED [ 18%]
tests/test_cache.py::TestRedisFailureGraceDegradation::test_update_works_when_redis_delete_raises PASSED [ 18%]
tests/test_cache.py::TestRedisFailureGraceDegradation::test_delete_works_when_redis_delete_raises PASSED [ 19%]
tests/test_cache.py::TestRedisFailureGraceDegradation::test_redirect_works_when_redis_unavailable PASSED [ 19%]
tests/test_edge_cases.py::test_twins_paradox_same_url_different_codes PASSED [ 20%]
tests/test_edge_cases.py::test_twins_paradox_different_ids PASSED        [ 20%]
tests/test_edge_cases.py::test_unseen_observer_redirect_creates_event PASSED [ 20%]
tests/test_edge_cases.py::test_unseen_observer_multiple_redirects_multiple_events PASSED [ 21%]
tests/test_edge_cases.py::test_unseen_observer_event_has_details PASSED  [ 21%]
tests/test_edge_cases.py::test_unwitting_stranger_missing_url_field PASSED [ 21%]
tests/test_edge_cases.py::test_unwitting_stranger_nonexistent_user_id PASSED [ 22%]
tests/test_edge_cases.py::test_unwitting_stranger_missing_username_for_user PASSED [ 22%]
tests/test_edge_cases.py::test_unwitting_stranger_missing_email_for_user PASSED [ 23%]
tests/test_edge_cases.py::test_slumbering_guide_inactive_url_404 PASSED  [ 23%]
tests/test_edge_cases.py::test_slumbering_guide_no_event_for_inactive PASSED [ 23%]
tests/test_edge_cases.py::test_slumbering_guide_deactivate_via_update PASSED [ 24%]
tests/test_edge_cases.py::test_deceitful_scroll_single_word_rejected PASSED [ 24%]
tests/test_edge_cases.py::test_deceitful_scroll_no_scheme_rejected PASSED [ 25%]
tests/test_edge_cases.py::test_deceitful_scroll_ftp_rejected PASSED      [ 25%]
tests/test_edge_cases.py::test_deceitful_scroll_empty_rejected PASSED    [ 25%]
tests/test_edge_cases.py::test_deceitful_scroll_whitespace_rejected PASSED [ 26%]
tests/test_edge_cases.py::test_fractured_vessel_plain_text_body PASSED   [ 26%]
tests/test_edge_cases.py::test_fractured_vessel_json_string_body PASSED  [ 27%]
tests/test_edge_cases.py::test_fractured_vessel_json_array_body PASSED   [ 27%]
tests/test_edge_cases.py::test_fractured_vessel_empty_body PASSED        [ 27%]
tests/test_edge_cases.py::test_fractured_vessel_form_encoded_body PASSED [ 28%]
tests/test_edge_cases.py::test_fractured_vessel_users_plain_text PASSED  [ 28%]
tests/test_error_handlers.py::test_404_returns_json_for_unknown_route PASSED [ 29%]
tests/test_error_handlers.py::test_405_returns_json_for_wrong_method PASSED [ 29%]
tests/test_error_handlers.py::test_405_delete_on_list_endpoint PASSED    [ 29%]
tests/test_events.py::test_list_events_empty PASSED                      [ 30%]
tests/test_events.py::test_list_events_after_url_creation PASSED         [ 30%]
tests/test_events.py::test_list_events_filter_by_type PASSED             [ 30%]
tests/test_events.py::test_list_events_filter_nonexistent_type PASSED    [ 31%]
tests/test_events.py::test_url_events_endpoint PASSED                    [ 31%]
tests/test_events.py::test_url_events_nonexistent_url PASSED             [ 32%]
tests/test_events.py::test_events_pagination PASSED                      [ 32%]
tests/test_health.py::test_health_returns_200 PASSED                     [ 32%]
tests/test_health.py::test_health_contains_database_key PASSED           [ 33%]
tests/test_health.py::test_health_database_connected PASSED              [ 33%]
tests/test_integration.py::test_full_flow_create_user_create_url_redirect_check_events PASSED [ 34%]
tests/test_integration.py::test_create_url_delete_url_redirect_fails_no_new_event PASSED [ 34%]
tests/test_integration.py::test_create_user_create_multiple_urls_list_all PASSED [ 34%]
tests/test_integration.py::test_delete_user_then_create_url_without_user PASSED [ 35%]
tests/test_integration.py::test_update_url_then_redirect_goes_to_new_destination PASSED [ 35%]
tests/test_integration.py::test_global_events_list_captures_all_types PASSED [ 36%]
tests/test_metrics.py::test_metrics_endpoint_returns_200 PASSED          [ 36%]
tests/test_metrics.py::test_metrics_endpoint_returns_prometheus_content_type PASSED [ 36%]
tests/test_metrics.py::test_metrics_contains_standard_counters PASSED    [ 37%]
tests/test_metrics.py::test_metrics_contains_business_counters PASSED    [ 37%]
tests/test_metrics.py::test_metrics_contains_active_urls_gauge PASSED    [ 38%]
tests/test_reliability_hardening.py::TestDataConsistency::test_create_user_then_get_returns_same_data PASSED [ 38%]
tests/test_reliability_hardening.py::TestDataConsistency::test_create_url_then_get_returns_same_data PASSED [ 38%]
tests/test_reliability_hardening.py::TestDataConsistency::test_update_url_then_get_reflects_change PASSED [ 39%]
tests/test_reliability_hardening.py::TestDataConsistency::test_url_appears_in_list_after_creation PASSED [ 39%]
tests/test_reliability_hardening.py::TestDataConsistency::test_user_appears_in_list_after_creation PASSED [ 40%]
tests/test_reliability_hardening.py::TestEventIntegrity::test_url_creation_always_creates_event PASSED [ 40%]
tests/test_reliability_hardening.py::TestEventIntegrity::test_url_deletion_creates_deleted_event PASSED [ 40%]
tests/test_reliability_hardening.py::TestEventIntegrity::test_url_update_creates_updated_event PASSED [ 41%]
tests/test_reliability_hardening.py::TestEventIntegrity::test_no_redirect_event_for_nonexistent_code PASSED [ 41%]
tests/test_reliability_hardening.py::TestEventIntegrity::test_inactive_url_redirect_creates_zero_events PASSED [ 41%]
tests/test_reliability_hardening.py::TestEventIntegrity::test_events_filter_by_url_id_returns_only_matching PASSED [ 42%]
tests/test_reliability_hardening.py::TestEventIntegrity::test_events_filter_by_nonexistent_url_id_returns_empty PASSED [ 42%]
tests/test_reliability_hardening.py::TestEventIntegrity::test_create_event_with_nonexistent_url_id_returns_404 PASSED [ 43%]
tests/test_reliability_hardening.py::TestEventIntegrity::test_create_event_with_nonexistent_user_id_returns_404 PASSED [ 43%]
tests/test_reliability_hardening.py::TestEventIntegrity::test_events_filter_invalid_url_id_returns_400 PASSED [ 43%]
tests/test_reliability_hardening.py::TestEventIntegrity::test_events_filter_invalid_user_id_returns_400 PASSED [ 44%]
tests/test_reliability_hardening.py::TestEventIntegrity::test_urls_filter_invalid_user_id_returns_400 PASSED [ 44%]
tests/test_reliability_hardening.py::TestEventIntegrity::test_events_filter_float_url_id_returns_400 PASSED [ 45%]
tests/test_reliability_hardening.py::TestEventIntegrity::test_urls_filter_float_user_id_returns_400 PASSED [ 45%]
tests/test_reliability_hardening.py::TestInputValidation::test_create_user_whitespace_only_username PASSED [ 45%]
tests/test_reliability_hardening.py::TestInputValidation::test_create_user_whitespace_only_email PASSED [ 46%]
tests/test_reliability_hardening.py::TestInputValidation::test_create_url_whitespace_only_url PASSED [ 46%]
tests/test_reliability_hardening.py::TestInputValidation::test_create_url_null_url PASSED [ 47%]
tests/test_reliability_hardening.py::TestInputValidation::test_create_url_missing_url_key PASSED [ 47%]
tests/test_reliability_hardening.py::TestInputValidation::test_update_url_is_active_as_string_rejected PASSED [ 47%]
tests/test_reliability_hardening.py::TestInputValidation::test_update_url_is_active_as_int_rejected PASSED [ 48%]
tests/test_reliability_hardening.py::TestInputValidation::test_create_event_empty_event_type PASSED [ 48%]
tests/test_reliability_hardening.py::TestInputValidation::test_create_event_integer_event_type PASSED [ 49%]
tests/test_reliability_hardening.py::TestInputValidation::test_create_event_details_as_string_rejected PASSED [ 49%]
tests/test_reliability_hardening.py::TestInputValidation::test_create_event_details_as_list_rejected PASSED [ 49%]
tests/test_reliability_hardening.py::TestSoftDeleteBehavior::test_soft_deleted_url_still_accessible_by_id PASSED [ 50%]
tests/test_reliability_hardening.py::TestSoftDeleteBehavior::test_soft_deleted_url_redirect_returns_404 PASSED [ 50%]
tests/test_reliability_hardening.py::TestSoftDeleteBehavior::test_reactivated_url_can_redirect PASSED [ 50%]
tests/test_reliability_hardening.py::TestSoftDeleteBehavior::test_double_delete_url_second_returns_404 PASSED [ 51%]
tests/test_reliability_hardening.py::TestSoftDeleteBehavior::test_url_stats_accessible_after_soft_delete PASSED [ 51%]
tests/test_reliability_hardening.py::TestSoftDeleteBehavior::test_events_accessible_for_soft_deleted_url PASSED [ 52%]
tests/test_reliability_hardening.py::TestUniquenessConflicts::test_duplicate_username_returns_409 PASSED [ 52%]
tests/test_reliability_hardening.py::TestUniquenessConflicts::test_duplicate_email_returns_409 PASSED [ 52%]
tests/test_reliability_hardening.py::TestUniquenessConflicts::test_update_to_duplicate_username_returns_409 PASSED [ 53%]
tests/test_reliability_hardening.py::TestUniquenessConflicts::test_update_to_duplicate_email_returns_409 PASSED [ 53%]
tests/test_reliability_hardening.py::TestUniquenessConflicts::test_same_url_produces_different_short_codes PASSED [ 54%]
tests/test_reliability_hardening.py::TestContentTypeValidation::test_urls_post_plain_text_rejected PASSED [ 54%]
tests/test_reliability_hardening.py::TestContentTypeValidation::test_urls_post_form_encoded_rejected PASSED [ 54%]
tests/test_reliability_hardening.py::TestContentTypeValidation::test_urls_put_plain_text_rejected PASSED [ 55%]
tests/test_reliability_hardening.py::TestContentTypeValidation::test_users_post_plain_text_rejected PASSED [ 55%]
tests/test_reliability_hardening.py::TestContentTypeValidation::test_users_put_plain_text_rejected PASSED [ 56%]
tests/test_reliability_hardening.py::TestContentTypeValidation::test_events_post_plain_text_rejected PASSED [ 56%]
tests/test_reliability_hardening.py::TestContentTypeValidation::test_urls_post_json_array_rejected PASSED [ 56%]
tests/test_reliability_hardening.py::TestContentTypeValidation::test_users_post_json_array_rejected PASSED [ 57%]
tests/test_reliability_hardening.py::TestContentTypeValidation::test_events_post_json_array_rejected PASSED [ 57%]
tests/test_reliability_hardening.py::TestContentTypeValidation::test_urls_post_json_string_rejected PASSED [ 58%]
tests/test_reliability_hardening.py::TestContentTypeValidation::test_events_post_json_string_rejected PASSED [ 58%]
tests/test_reliability_hardening.py::TestNotFoundHandling::test_get_nonexistent_user PASSED [ 58%]
tests/test_reliability_hardening.py::TestNotFoundHandling::test_get_nonexistent_url PASSED [ 59%]
tests/test_reliability_hardening.py::TestNotFoundHandling::test_update_nonexistent_user PASSED [ 59%]
tests/test_reliability_hardening.py::TestNotFoundHandling::test_update_nonexistent_url PASSED [ 60%]
tests/test_reliability_hardening.py::TestNotFoundHandling::test_delete_nonexistent_user PASSED [ 60%]
tests/test_reliability_hardening.py::TestNotFoundHandling::test_delete_nonexistent_url PASSED [ 60%]
tests/test_reliability_hardening.py::TestNotFoundHandling::test_stats_nonexistent_url PASSED [ 61%]
tests/test_reliability_hardening.py::TestNotFoundHandling::test_events_nonexistent_url PASSED [ 61%]
tests/test_reliability_hardening.py::TestNotFoundHandling::test_redirect_nonexistent_short_code PASSED [ 61%]
tests/test_reliability_hardening.py::TestUrlFiltering::test_filter_urls_by_user_id PASSED [ 62%]
tests/test_reliability_hardening.py::TestUrlFiltering::test_filter_urls_by_is_active_true PASSED [ 62%]
tests/test_reliability_hardening.py::TestUrlFiltering::test_filter_urls_by_is_active_false PASSED [ 63%]
tests/test_reliability_hardening.py::TestUrlFiltering::test_pagination_respects_per_page_limit PASSED [ 63%]
tests/test_reliability_hardening.py::TestUrlFiltering::test_large_page_returns_empty PASSED [ 63%]
tests/test_reliability_hardening.py::TestFullFlowIntegration::test_create_url_with_user_redirect_check_events_stats PASSED [ 64%]
tests/test_reliability_hardening.py::TestFullFlowIntegration::test_create_url_without_user_id PASSED [ 64%]
tests/test_short_code.py::test_default_length PASSED                     [ 65%]
tests/test_short_code.py::test_custom_length PASSED                      [ 65%]
tests/test_short_code.py::test_only_alphanumeric PASSED                  [ 65%]
tests/test_short_code.py::test_different_codes_on_each_call PASSED       [ 66%]
tests/test_short_code.py::test_length_one PASSED                         [ 66%]
tests/test_urls.py::test_create_url_valid PASSED                         [ 67%]
tests/test_urls.py::test_create_url_with_user PASSED                     [ 67%]
tests/test_urls.py::test_create_url_with_title PASSED                    [ 67%]
tests/test_urls.py::test_create_url_missing_url_field PASSED             [ 68%]
tests/test_urls.py::test_create_url_empty_url PASSED                     [ 68%]
tests/test_urls.py::test_create_url_invalid_format PASSED                [ 69%]
tests/test_urls.py::test_create_url_ftp_rejected PASSED                  [ 69%]
tests/test_urls.py::test_create_url_non_json_body PASSED                 [ 69%]
tests/test_urls.py::test_create_url_plain_string_json PASSED             [ 70%]
tests/test_urls.py::test_create_url_array_body PASSED                    [ 70%]
tests/test_urls.py::test_create_url_nonexistent_user_id PASSED           [ 70%]
tests/test_urls.py::test_create_url_invalid_user_id_type PASSED          [ 71%]
tests/test_urls.py::test_create_same_url_twice_different_short_codes PASSED [ 71%]
tests/test_urls.py::test_redirect_existing_active_url PASSED             [ 72%]
tests/test_urls.py::test_redirect_nonexistent_short_code PASSED          [ 72%]
tests/test_urls.py::test_redirect_creates_multiple_events PASSED         [ 72%]
tests/test_urls.py::test_delete_url_soft_delete PASSED                   [ 73%]
tests/test_urls.py::test_redirect_deleted_url_returns_404 PASSED         [ 73%]
tests/test_urls.py::test_delete_nonexistent_url PASSED                   [ 74%]
tests/test_urls.py::test_update_url_original PASSED                      [ 74%]
tests/test_urls.py::test_update_url_title PASSED                         [ 74%]
tests/test_urls.py::test_update_url_is_active PASSED                     [ 75%]
tests/test_urls.py::test_update_url_invalid_url PASSED                   [ 75%]
tests/test_urls.py::test_update_url_invalid_is_active PASSED             [ 76%]
tests/test_urls.py::test_update_nonexistent_url PASSED                   [ 76%]
tests/test_urls.py::test_update_url_non_json PASSED                      [ 76%]
tests/test_urls.py::test_list_urls_empty PASSED                          [ 77%]
tests/test_urls.py::test_list_urls_returns_created PASSED                [ 77%]
tests/test_urls.py::test_get_url_by_id PASSED                            [ 78%]
tests/test_urls.py::test_get_nonexistent_url PASSED                      [ 78%]
tests/test_urls.py::test_url_stats_no_redirects PASSED                   [ 78%]
tests/test_urls.py::test_url_stats_with_redirects PASSED                 [ 79%]
tests/test_urls.py::test_url_stats_nonexistent PASSED                    [ 79%]
tests/test_user_edge_cases.py::test_create_user_integrity_error_generic_fallback PASSED [ 80%]
tests/test_user_edge_cases.py::test_create_user_duplicate_email_returns_409 PASSED [ 80%]
tests/test_user_edge_cases.py::test_create_user_non_dict_json_body PASSED [ 80%]
tests/test_user_edge_cases.py::test_update_user_empty_email PASSED       [ 81%]
tests/test_user_edge_cases.py::test_update_user_duplicate_username_returns_409 PASSED [ 81%]
tests/test_users.py::test_list_users_empty PASSED                        [ 81%]
tests/test_users.py::test_list_users_returns_created_users PASSED        [ 82%]
tests/test_users.py::test_get_user_by_id PASSED                          [ 82%]
tests/test_users.py::test_get_nonexistent_user_404 PASSED                [ 83%]
tests/test_users.py::test_create_user_valid PASSED                       [ 83%]
tests/test_users.py::test_create_user_missing_username PASSED            [ 83%]
tests/test_users.py::test_create_user_missing_email PASSED               [ 84%]
tests/test_users.py::test_create_user_empty_username PASSED              [ 84%]
tests/test_users.py::test_create_user_empty_email PASSED                 [ 85%]
tests/test_users.py::test_create_user_invalid_email PASSED               [ 85%]
tests/test_users.py::test_create_user_duplicate_username PASSED          [ 85%]
tests/test_users.py::test_create_user_duplicate_email PASSED             [ 86%]
tests/test_users.py::test_create_user_non_json_body PASSED               [ 86%]
tests/test_users.py::test_update_user PASSED                             [ 87%]
tests/test_users.py::test_update_user_email PASSED                       [ 87%]
tests/test_users.py::test_update_user_invalid_email PASSED               [ 87%]
tests/test_users.py::test_update_nonexistent_user PASSED                 [ 88%]
tests/test_users.py::test_update_user_empty_username PASSED              [ 88%]
tests/test_users.py::test_update_user_non_json PASSED                    [ 89%]
tests/test_users.py::test_delete_user PASSED                             [ 89%]
tests/test_users.py::test_delete_nonexistent_user PASSED                 [ 89%]
tests/test_validators.py::TestIsValidUrl::test_http_url PASSED           [ 90%]
tests/test_validators.py::TestIsValidUrl::test_https_url PASSED          [ 90%]
tests/test_validators.py::TestIsValidUrl::test_https_with_path PASSED    [ 90%]
tests/test_validators.py::TestIsValidUrl::test_https_with_query PASSED   [ 91%]
tests/test_validators.py::TestIsValidUrl::test_https_with_port PASSED    [ 91%]
tests/test_validators.py::TestIsValidUrl::test_no_scheme PASSED          [ 92%]
tests/test_validators.py::TestIsValidUrl::test_ftp_scheme PASSED         [ 92%]
tests/test_validators.py::TestIsValidUrl::test_single_word PASSED        [ 92%]
tests/test_validators.py::TestIsValidUrl::test_empty_string PASSED       [ 93%]
tests/test_validators.py::TestIsValidUrl::test_none PASSED               [ 93%]
tests/test_validators.py::TestIsValidUrl::test_whitespace_only PASSED    [ 94%]
tests/test_validators.py::TestIsValidUrl::test_integer_input PASSED      [ 94%]
tests/test_validators.py::TestIsValidUrl::test_missing_netloc PASSED     [ 94%]
tests/test_validators.py::TestIsValidUrl::test_scheme_only PASSED        [ 95%]
tests/test_validators.py::TestIsValidUrl::test_javascript_scheme PASSED  [ 95%]
tests/test_validators.py::TestValidateEmail::test_valid_email PASSED     [ 96%]
tests/test_validators.py::TestValidateEmail::test_valid_email_subdomain PASSED [ 96%]
tests/test_validators.py::TestValidateEmail::test_missing_at PASSED      [ 96%]
tests/test_validators.py::TestValidateEmail::test_missing_domain PASSED  [ 97%]
tests/test_validators.py::TestValidateEmail::test_missing_local PASSED   [ 97%]
tests/test_validators.py::TestValidateEmail::test_no_dot_in_domain PASSED [ 98%]
tests/test_validators.py::TestValidateEmail::test_empty_string PASSED    [ 98%]
tests/test_validators.py::TestValidateEmail::test_none PASSED            [ 98%]
tests/test_validators.py::TestValidateEmail::test_whitespace PASSED      [ 99%]
tests/test_validators.py::TestValidateEmail::test_multiple_at PASSED     [ 99%]
tests/test_validators.py::TestValidateEmail::test_integer PASSED         [100%]

=============================== warnings summary ===============================
tests/test_api_contract.py::TestBulkUploadEdgeCases::test_csv_with_duplicate_users
tests/test_api_contract.py::TestBulkUploadEdgeCases::test_csv_with_duplicate_users
tests/test_api_contract.py::TestBulkUploadEdgeCases::test_csv_with_extra_columns_still_works
  /Users/elijahumana/pe-hackathon/app/routes/users.py:43: DeprecationWarning: datetime.datetime.utcnow() is deprecated and scheduled for removal in a future version. Use timezone-aware objects to represent datetimes in UTC: datetime.datetime.now(datetime.UTC).
    created_at=row.get("created_at", datetime.datetime.utcnow()),

tests/test_api_contract.py: 81 warnings
tests/test_cache.py: 48 warnings
tests/test_edge_cases.py: 40 warnings
tests/test_events.py: 22 warnings
tests/test_integration.py: 33 warnings
tests/test_metrics.py: 3 warnings
tests/test_reliability_hardening.py: 149 warnings
tests/test_urls.py: 72 warnings
tests/test_user_edge_cases.py: 7 warnings
tests/test_users.py: 14 warnings
  /Users/elijahumana/pe-hackathon/.venv/lib/python3.13/site-packages/peewee.py:6632: DeprecationWarning: datetime.datetime.utcnow() is deprecated and scheduled for removal in a future version. Use timezone-aware objects to represent datetimes in UTC: datetime.datetime.now(datetime.UTC).
    dd[field_name] = default()

tests/test_api_contract.py: 21 warnings
tests/test_cache.py: 12 warnings
tests/test_edge_cases.py: 10 warnings
tests/test_events.py: 7 warnings
tests/test_integration.py: 8 warnings
tests/test_metrics.py: 1 warning
tests/test_reliability_hardening.py: 39 warnings
tests/test_urls.py: 20 warnings
  /Users/elijahumana/pe-hackathon/app/routes/urls.py:124: DeprecationWarning: datetime.datetime.utcnow() is deprecated and scheduled for removal in a future version. Use timezone-aware objects to represent datetimes in UTC: datetime.datetime.now(datetime.UTC).
    created_at=datetime.datetime.utcnow(),

tests/test_api_contract.py: 21 warnings
tests/test_cache.py: 12 warnings
tests/test_edge_cases.py: 10 warnings
tests/test_events.py: 7 warnings
tests/test_integration.py: 8 warnings
tests/test_metrics.py: 1 warning
tests/test_reliability_hardening.py: 39 warnings
tests/test_urls.py: 20 warnings
  /Users/elijahumana/pe-hackathon/app/routes/urls.py:125: DeprecationWarning: datetime.datetime.utcnow() is deprecated and scheduled for removal in a future version. Use timezone-aware objects to represent datetimes in UTC: datetime.datetime.now(datetime.UTC).
    updated_at=datetime.datetime.utcnow(),

tests/test_api_contract.py: 28 warnings
tests/test_cache.py: 16 warnings
tests/test_edge_cases.py: 13 warnings
tests/test_events.py: 7 warnings
tests/test_integration.py: 11 warnings
tests/test_metrics.py: 1 warning
tests/test_reliability_hardening.py: 53 warnings
tests/test_urls.py: 25 warnings
  /Users/elijahumana/pe-hackathon/app/models/url.py:34: DeprecationWarning: datetime.datetime.utcnow() is deprecated and scheduled for removal in a future version. Use timezone-aware objects to represent datetimes in UTC: datetime.datetime.now(datetime.UTC).
    self.updated_at = datetime.datetime.utcnow()

tests/test_api_contract.py: 6 warnings
tests/test_integration.py: 3 warnings
tests/test_reliability_hardening.py: 13 warnings
tests/test_urls.py: 1 warning
tests/test_user_edge_cases.py: 7 warnings
tests/test_users.py: 14 warnings
  /Users/elijahumana/pe-hackathon/app/routes/users.py:102: DeprecationWarning: datetime.datetime.utcnow() is deprecated and scheduled for removal in a future version. Use timezone-aware objects to represent datetimes in UTC: datetime.datetime.now(datetime.UTC).
    created_at=datetime.datetime.utcnow(),

tests/test_api_contract.py: 2 warnings
tests/test_cache.py: 2 warnings
tests/test_edge_cases.py: 1 warning
tests/test_integration.py: 1 warning
tests/test_reliability_hardening.py: 4 warnings
tests/test_urls.py: 3 warnings
  /Users/elijahumana/pe-hackathon/app/routes/urls.py:199: DeprecationWarning: datetime.datetime.utcnow() is deprecated and scheduled for removal in a future version. Use timezone-aware objects to represent datetimes in UTC: datetime.datetime.now(datetime.UTC).
    timestamp=datetime.datetime.utcnow(),

tests/test_api_contract.py: 3 warnings
tests/test_cache.py: 5 warnings
tests/test_edge_cases.py: 7 warnings
tests/test_events.py: 1 warning
tests/test_integration.py: 3 warnings
tests/test_reliability_hardening.py: 5 warnings
tests/test_urls.py: 6 warnings
  /Users/elijahumana/pe-hackathon/app/routes/urls.py:350: DeprecationWarning: datetime.datetime.utcnow() is deprecated and scheduled for removal in a future version. Use timezone-aware objects to represent datetimes in UTC: datetime.datetime.now(datetime.UTC).
    timestamp=datetime.datetime.utcnow(),

tests/test_api_contract.py: 4 warnings
tests/test_cache.py: 2 warnings
tests/test_edge_cases.py: 2 warnings
tests/test_integration.py: 2 warnings
tests/test_reliability_hardening.py: 10 warnings
tests/test_urls.py: 2 warnings
  /Users/elijahumana/pe-hackathon/app/routes/urls.py:232: DeprecationWarning: datetime.datetime.utcnow() is deprecated and scheduled for removal in a future version. Use timezone-aware objects to represent datetimes in UTC: datetime.datetime.now(datetime.UTC).
    timestamp=datetime.datetime.utcnow(),

tests/test_cache.py::TestRedirectCacheHit::test_redirect_with_cache_hit_returns_302
tests/test_cache.py::TestRedirectCacheHit::test_redirect_cache_hit_sets_x_cache_header
tests/test_cache.py::TestRedirectCacheHit::test_redirect_cache_hit_creates_event
  /Users/elijahumana/pe-hackathon/app/routes/urls.py:300: DeprecationWarning: datetime.datetime.utcnow() is deprecated and scheduled for removal in a future version. Use timezone-aware objects to represent datetimes in UTC: datetime.datetime.now(datetime.UTC).
    timestamp=datetime.datetime.utcnow(),

-- Docs: https://docs.pytest.org/en/stable/how-to/capture-warnings.html
====================== 255 passed, 974 warnings in 2.98s =======================
